<?xml version="1.0" encoding="UTF-8"?>
<robot generator="Robot 3.2 (Python 3.8.2 on win32)" generated="20200519 19:46:52.234" rpa="false">
<suite id="s1" name="scrollingPage" source="C:\Users\faeze\PycharmProjects\BlazeDemo\tests\scrollingPage.robot">
<test id="s1-t1" name="ScrollingTest">
<kw name="Open Browser" library="SeleniumLibrary">
<doc>Opens a new browser instance to the optional ``url``.</doc>
<arguments>
<arg>https://www.countries-ofthe-world.com/flags-of-the-world.html</arg>
<arg>chrome</arg>
</arguments>
<msg timestamp="20200519 19:46:52.451" level="INFO">Opening browser 'chrome' to base url 'https://www.countries-ofthe-world.com/flags-of-the-world.html'.</msg>
<status status="PASS" starttime="20200519 19:46:52.450" endtime="20200519 19:46:56.644"></status>
</kw>
<kw name="Maximize Browser Window" library="SeleniumLibrary">
<doc>Maximizes current browser window.</doc>
<status status="PASS" starttime="20200519 19:46:56.644" endtime="20200519 19:47:10.152"></status>
</kw>
<kw name="Sleep" library="BuiltIn">
<doc>Pauses the test executed for the given time.</doc>
<arguments>
<arg>2</arg>
</arguments>
<msg timestamp="20200519 19:47:12.154" level="INFO">Slept 2 seconds</msg>
<status status="PASS" starttime="20200519 19:47:10.153" endtime="20200519 19:47:12.154"></status>
</kw>
<kw name="Execute Javascript" library="SeleniumLibrary">
<doc>Executes the given JavaScript code with possible arguments.</doc>
<arguments>
<arg>window.scrollTo(0,document.body.scrollHeight)</arg>
</arguments>
<msg timestamp="20200519 19:47:12.156" level="INFO">Executing JavaScript:
window.scrollTo(0,document.body.scrollHeight)
Without any arguments.</msg>
<status status="PASS" starttime="20200519 19:47:12.156" endtime="20200519 19:47:12.186"></status>
</kw>
<kw name="Sleep" library="BuiltIn">
<doc>Pauses the test executed for the given time.</doc>
<arguments>
<arg>4</arg>
</arguments>
<msg timestamp="20200519 19:47:16.188" level="INFO">Slept 4 seconds</msg>
<status status="PASS" starttime="20200519 19:47:12.188" endtime="20200519 19:47:16.188"></status>
</kw>
<kw name="Execute Javascript" library="SeleniumLibrary">
<doc>Executes the given JavaScript code with possible arguments.</doc>
<arguments>
<arg>window.scrollTo(0,-document.body.scrollHeight)</arg>
</arguments>
<msg timestamp="20200519 19:47:16.191" level="INFO">Executing JavaScript:
window.scrollTo(0,-document.body.scrollHeight)
Without any arguments.</msg>
<status status="PASS" starttime="20200519 19:47:16.190" endtime="20200519 19:47:16.212"></status>
</kw>
<kw name="Sleep" library="BuiltIn">
<doc>Pauses the test executed for the given time.</doc>
<arguments>
<arg>4</arg>
</arguments>
<msg timestamp="20200519 19:47:20.215" level="INFO">Slept 4 seconds</msg>
<status status="PASS" starttime="20200519 19:47:16.214" endtime="20200519 19:47:20.215"></status>
</kw>
<kw name="Close Browser" library="SeleniumLibrary">
<doc>Closes the current browser.</doc>
<status status="PASS" starttime="20200519 19:47:20.217" endtime="20200519 19:47:22.397"></status>
</kw>
<status status="PASS" starttime="20200519 19:46:52.446" endtime="20200519 19:47:22.399" critical="yes"></status>
</test>
<status status="PASS" starttime="20200519 19:46:52.237" endtime="20200519 19:47:22.405"></status>
</suite>
<statistics>
<total>
<stat pass="1" fail="0">Critical Tests</stat>
<stat pass="1" fail="0">All Tests</stat>
</total>
<tag>
</tag>
<suite>
<stat pass="1" fail="0" id="s1" name="scrollingPage">scrollingPage</stat>
</suite>
</statistics>
<errors>
</errors>
</robot>
